shared/build/intermediates/manifest_merge_blame_file/debug/manifest-merger-blame-debug-report.txt
1<?xml version="1.0" encoding="utf-8"?>
2<manifest xmlns:android="http://schemas.android.com/apk/res/android"
3    package="com.example.ioshacketonapp.android"
4    android:versionCode="1"
5    android:versionName="1.0" >
6
7    <uses-sdk
8        android:minSdkVersion="24"
8-->src/androidMain/AndroidManifest.xml
9        android:targetSdkVersion="29" />
9-->src/androidMain/AndroidManifest.xml
10
11    <uses-permission android:name="android.permission.INTERNET" />
11-->src/androidMain/AndroidManifest.xml:3:1-62
11-->src/androidMain/AndroidManifest.xml:3:18-60
12
13</manifest>